#
# There is insufficient memory for the Java Runtime Environment to continue.
# Native memory allocation (mmap) failed to map 257949696 bytes. Error detail: G1 virtual space
# Possible reasons:
#   The system is out of physical RAM or swap space
#   This process is running with CompressedOops enabled, and the Java Heap may be blocking the growth of the native heap
# Possible solutions:
#   Reduce memory load on the system
#   Increase physical memory or swap space
#   Check if swap backing store is full
#   Decrease Java heap size (-Xmx/-Xms)
#   Decrease number of Java threads
#   Decrease Java thread stack sizes (-Xss)
#   Set larger code cache with -XX:ReservedCodeCacheSize=
#   JVM is running with Zero Based Compressed Oops mode in which the Java heap is
#     placed in the first 32GB address space. The Java Heap base address is the
#     maximum limit for the native heap growth. Please use -XX:HeapBaseMinAddress
#     to set the Java Heap base and to place the Java Heap above 32GB virtual address.
# This output file may be truncated or incomplete.
#
#  Out of Memory Error (os_windows.cpp:3707), pid=1732, tid=8264
#
# JRE version:  (23.0.2+7) (build )
# Java VM: Java HotSpot(TM) 64-Bit Server VM (23.0.2+7-58, mixed mode, sharing, tiered, compressed oops, compressed class ptrs, g1 gc, windows-amd64)
# No core dump will be written. Minidumps are not enabled by default on client versions of Windows
#

---------------  S U M M A R Y ------------

Command Line: -javaagent:C:\Program Files\JetBrains\IntelliJ IDEA Community Edition 2024.3.2.1\lib\idea_rt.jar=52565:C:\Program Files\JetBrains\IntelliJ IDEA Community Edition 2024.3.2.1\bin -Dfile.encoding=UTF-8 -Dsun.stdout.encoding=UTF-8 -Dsun.stderr.encoding=UTF-8 Locks.ReentrantExample

Host: AMD Ryzen 5 5600H with Radeon Graphics         , 12 cores, 15G,  Windows 11 , 64 bit Build 26100 (10.0.26100.3912)
Time: Sat May 10 15:05:04 2025 India Standard Time elapsed time: 1.105375 seconds (0d 0h 0m 1s)

---------------  T H R E A D  ---------------

Current thread (0x000001ae97cd6f30):  JavaThread "Unknown thread" [_thread_in_vm, id=8264, stack(0x000000996cf00000,0x000000996d000000) (1024K)]

Stack: [0x000000996cf00000,0x000000996d000000]
Native frames: (J=compiled Java code, j=interpreted, Vv=VM code, C=native code)
V  [jvm.dll+0x6e0b99]  (no source info available)
V  [jvm.dll+0x87e2b3]  (no source info available)
V  [jvm.dll+0x88073e]  (no source info available)
V  [jvm.dll+0x880e13]  (no source info available)
V  [jvm.dll+0x27b006]  (no source info available)
V  [jvm.dll+0x6dd485]  (no source info available)
V  [jvm.dll+0x6d127a]  (no source info available)
V  [jvm.dll+0x35b50a]  (no source info available)
V  [jvm.dll+0x363916]  (no source info available)
V  [jvm.dll+0x34fe7e]  (no source info available)
V  [jvm.dll+0x350118]  (no source info available)
V  [jvm.dll+0x328aec]  (no source info available)
V  [jvm.dll+0x32978e]  (no source info available)
V  [jvm.dll+0x8449a5]  (no source info available)
V  [jvm.dll+0x3b9a08]  (no source info available)
V  [jvm.dll+0x82d68c]  (no source info available)
V  [jvm.dll+0x454f2e]  (no source info available)
V  [jvm.dll+0x456db1]  (no source info available)
C  [jli.dll+0x52a3]  (no source info available)
C  [ucrtbase.dll+0x37b0]  (no source info available)
C  [KERNEL32.DLL+0x2e8d7]  (no source info available)
C  [ntdll.dll+0x9c5dc]  (no source info available)

Lock stack of current Java thread (top to bottom):


---------------  P R O C E S S  ---------------

Threads class SMR info:
_java_thread_list=0x00007ffc5f9c4618, length=0, elements={
}

Java Threads: ( => current thread )
Total: 0

Other Threads:
  0x000001ae9a172410 WorkerThread "GC Thread#0"                     [id=15860, stack(0x000000996d000000,0x000000996d100000) (1024K)]
  0x000001ae9a1875c0 ConcurrentGCThread "G1 Main Marker"            [id=7296, stack(0x000000996d100000,0x000000996d200000) (1024K)]
  0x000001ae9a188780 WorkerThread "G1 Conc#0"                       [id=23544, stack(0x000000996d200000,0x000000996d300000) (1024K)]

[error occurred during error reporting (printing all threads), id 0xc0000005, EXCEPTION_ACCESS_VIOLATION (0xc0000005) at pc=0x00007ffc5f10c0da]
VM state: not at safepoint (not fully initialized)

VM Mutex/Monitor currently owned by a thread:  ([mutex/lock_event])
[0x00007ffc5fa44988] Heap_lock - owner thread: 0x000001ae97cd6f30

Heap address: 0x000000070a400000, size: 3932 MB, Compressed Oops mode: Zero based, Oop shift amount: 3

CDS archive(s) mapped at: [0x0000000000000000-0x0000000000000000-0x0000000000000000), size 0, SharedBaseAddress: 0x0000000800000000, ArchiveRelocationMode: 1.
Narrow klass base: 0x0000000000000000, Narrow klass shift: 0, Narrow klass range: 0x0

GC Precious Log:
 CardTable entry size: 512
 Card Set container configuration: InlinePtr #cards 4 size 8 Array Of Cards #cards 16 size 48 Howl #buckets 8 coarsen threshold 3686 Howl Bitmap #cards 512 size 80 coarsen threshold 460 Card regions per heap region 1 cards per card region 4096

Heap:
 garbage-first heap   total reserved 4026368K, committed 0K, used 0K [0x000000070a400000, 0x0000000800000000)
  region size 2048K, 0 young (0K), 0 survivors (0K)

[error occurred during error reporting (printing heap information), id 0xc0000005, EXCEPTION_ACCESS_VIOLATION (0xc0000005) at pc=0x00007ffc5f50c6a9]
GC Heap History (0 events):
No events

Dll operation events (1 events):
Event: 0.007 Loaded shared library C:\Program Files\Java\jdk-23\bin\java.dll

Deoptimization events (0 events):
No events

Classes loaded (0 events):
No events

Classes unloaded (0 events):
No events

Classes redefined (0 events):
No events

Internal exceptions (0 events):
No events

VM Operations (0 events):
No events

Memory protections (0 events):
No events

Nmethod flushes (0 events):
No events

Events (0 events):
No events


Dynamic libraries:
0x00007ff7715c0000 - 0x00007ff7715d0000 	C:\Program Files\Java\jdk-23\bin\java.exe
0x00007ffcc81c0000 - 0x00007ffcc8426000 	C:\WINDOWS\SYSTEM32\ntdll.dll
0x00007ffcc6ca0000 - 0x00007ffcc6d69000 	C:\WINDOWS\System32\KERNEL32.DLL
0x00007ffcc5840000 - 0x00007ffcc5c0c000 	C:\WINDOWS\System32\KERNELBASE.dll
0x00007ffcc5540000 - 0x00007ffcc568b000 	C:\WINDOWS\System32\ucrtbase.dll
0x00007ffcc2270000 - 0x00007ffcc2287000 	C:\Program Files\Java\jdk-23\bin\jli.dll
0x00007ffcc02a0000 - 0x00007ffcc02bb000 	C:\Program Files\Java\jdk-23\bin\VCRUNTIME140.dll
0x00007ffcc7450000 - 0x00007ffcc761a000 	C:\WINDOWS\System32\USER32.dll
0x00007ffcabb70000 - 0x00007ffcabe0a000 	C:\WINDOWS\WinSxS\amd64_microsoft.windows.common-controls_6595b64144ccf1df_6.0.26100.3912_none_3e07963ce335137e\COMCTL32.dll
0x00007ffcc5810000 - 0x00007ffcc5837000 	C:\WINDOWS\System32\win32u.dll
0x00007ffcc7320000 - 0x00007ffcc73c9000 	C:\WINDOWS\System32\msvcrt.dll
0x00007ffcc7200000 - 0x00007ffcc722b000 	C:\WINDOWS\System32\GDI32.dll
0x00007ffcc5400000 - 0x00007ffcc5532000 	C:\WINDOWS\System32\gdi32full.dll
0x00007ffcc5350000 - 0x00007ffcc53f3000 	C:\WINDOWS\System32\msvcp_win.dll
0x00007ffcc7fd0000 - 0x00007ffcc8000000 	C:\WINDOWS\System32\IMM32.DLL
0x00007ffcc2260000 - 0x00007ffcc226c000 	C:\Program Files\Java\jdk-23\bin\vcruntime140_1.dll
0x00007ffcb6410000 - 0x00007ffcb649e000 	C:\Program Files\Java\jdk-23\bin\msvcp140.dll
0x00007ffc5edd0000 - 0x00007ffc5fb20000 	C:\Program Files\Java\jdk-23\bin\server\jvm.dll
0x00007ffcc6760000 - 0x00007ffcc6812000 	C:\WINDOWS\System32\ADVAPI32.dll
0x00007ffcc5fb0000 - 0x00007ffcc6056000 	C:\WINDOWS\System32\sechost.dll
0x00007ffcc8060000 - 0x00007ffcc8176000 	C:\WINDOWS\System32\RPCRT4.dll
0x00007ffcc7620000 - 0x00007ffcc7694000 	C:\WINDOWS\System32\WS2_32.dll
0x00007ffcc51c0000 - 0x00007ffcc521e000 	C:\WINDOWS\SYSTEM32\POWRPROF.dll
0x00007ffcbb250000 - 0x00007ffcbb286000 	C:\WINDOWS\SYSTEM32\WINMM.dll
0x00007ffcbe380000 - 0x00007ffcbe38b000 	C:\WINDOWS\SYSTEM32\VERSION.dll
0x00007ffcc51a0000 - 0x00007ffcc51b4000 	C:\WINDOWS\SYSTEM32\UMPDC.dll
0x00007ffcc40e0000 - 0x00007ffcc40fa000 	C:\WINDOWS\SYSTEM32\kernel.appcore.dll
0x00007ffcc0290000 - 0x00007ffcc029a000 	C:\Program Files\Java\jdk-23\bin\jimage.dll
0x00007ffcbbb10000 - 0x00007ffcbbd51000 	C:\WINDOWS\SYSTEM32\DBGHELP.DLL
0x00007ffcc6e70000 - 0x00007ffcc71f4000 	C:\WINDOWS\System32\combase.dll
0x00007ffcc7230000 - 0x00007ffcc7310000 	C:\WINDOWS\System32\OLEAUT32.dll
0x00007ffca4bd0000 - 0x00007ffca4c09000 	C:\WINDOWS\SYSTEM32\dbgcore.DLL
0x00007ffcc5e20000 - 0x00007ffcc5eb9000 	C:\WINDOWS\System32\bcryptPrimitives.dll
0x00007ffcc0260000 - 0x00007ffcc026f000 	C:\Program Files\Java\jdk-23\bin\instrument.dll
0x00007ffcb65e0000 - 0x00007ffcb65fe000 	C:\Program Files\Java\jdk-23\bin\java.dll
0x00007ffcc6110000 - 0x00007ffcc62af000 	C:\WINDOWS\System32\ole32.dll
0x00007ffcc78a0000 - 0x00007ffcc7fcd000 	C:\WINDOWS\System32\SHELL32.dll
0x00007ffcc5690000 - 0x00007ffcc5804000 	C:\WINDOWS\System32\wintypes.dll

dbghelp: loaded successfully - version: 4.0.5 - missing functions: none
symbol engine: initialized successfully - sym options: 0x614 - pdb path: .;C:\Program Files\Java\jdk-23\bin;C:\WINDOWS\SYSTEM32;C:\WINDOWS\WinSxS\amd64_microsoft.windows.common-controls_6595b64144ccf1df_6.0.26100.3912_none_3e07963ce335137e;C:\Program Files\Java\jdk-23\bin\server

VM Arguments:
jvm_args: -javaagent:C:\Program Files\JetBrains\IntelliJ IDEA Community Edition 2024.3.2.1\lib\idea_rt.jar=52565:C:\Program Files\JetBrains\IntelliJ IDEA Community Edition 2024.3.2.1\bin -Dfile.encoding=UTF-8 -Dsun.stdout.encoding=UTF-8 -Dsun.stderr.encoding=UTF-8 
java_command: Locks.ReentrantExample
java_class_path (initial): E:\c projects\java\multithreading\out\production\multithreading
Launcher Type: SUN_STANDARD

[Global flags]
     intx CICompilerCount                          = 4                                         {product} {ergonomic}
     uint ConcGCThreads                            = 3                                         {product} {ergonomic}
     uint G1ConcRefinementThreads                  = 10                                        {product} {ergonomic}
   size_t G1HeapRegionSize                         = 2097152                                   {product} {ergonomic}
   size_t InitialHeapSize                          = 257949696                                 {product} {ergonomic}
   size_t MarkStackSize                            = 4194304                                   {product} {ergonomic}
   size_t MarkStackSizeMax                         = 536870912                                 {product} {ergonomic}
   size_t MaxHeapSize                              = 4123000832                                {product} {ergonomic}
   size_t MinHeapDeltaBytes                        = 2097152                                   {product} {ergonomic}
   size_t MinHeapSize                              = 8388608                                   {product} {ergonomic}
    uintx NonNMethodCodeHeapSize                   = 5832704                                {pd product} {ergonomic}
    uintx NonProfiledCodeHeapSize                  = 122945536                              {pd product} {ergonomic}
    uintx ProfiledCodeHeapSize                     = 122880000                              {pd product} {ergonomic}
    uintx ReservedCodeCacheSize                    = 251658240                              {pd product} {ergonomic}
     bool SegmentedCodeCache                       = true                                      {product} {ergonomic}
   size_t SoftMaxHeapSize                          = 4123000832                             {manageable} {ergonomic}
     bool UseCompressedOops                        = true                           {product lp64_product} {ergonomic}
     bool UseG1GC                                  = true                                      {product} {ergonomic}
     bool UseLargePagesIndividualAllocation        = false                                  {pd product} {ergonomic}

Logging:
Log output configuration:
 #0: stdout all=warning uptime,level,tags foldmultilines=false
 #1: stderr all=off uptime,level,tags foldmultilines=false

Environment Variables:
PATH=C:\Users\sharm\AppData\Local\Programs\Python\Python313\Scripts\;C:\Users\sharm\AppData\Local\Programs\Python\Python313\;C:\Program Files\Common Files\Oracle\Java\javapath;C:\WINDOWS\system32;C:\WINDOWS;C:\WINDOWS\System32\Wbem;C:\WINDOWS\System32\WindowsPowerShell\v1.0\;C:\WINDOWS\System32\OpenSSH\;C:\Program Files (x86)\NVIDIA Corporation\PhysX\Common;C:\MinGW\bin;C:\Program Files\NVIDIA Corporation\NVIDIA app\NvDLISR;C:\Program Files\nodejs\;C:\ProgramData\chocolatey\bin;C:\Users\sharm\AppData\Local\Programs\Python\Launcher\;C:\Users\sharm\AppData\Local\Programs\Python\Python312;C:\Users\sharm\AppData\Local\Microsoft\WindowsApps;C:\Users\sharm\AppData\Local\Programs\Microsoft VS Code\bin;C:\MinGW\mingw32\bin;C:\Program Files\JetBrains\IntelliJ IDEA Community Edition 2024.3.2.1\bin;;C:\Program Files\Java\jdk-23\bin;C:\Users\sharm\AppData\Roaming\npm
USERNAME=sharm
OS=Windows_NT
PROCESSOR_IDENTIFIER=AMD64 Family 25 Model 80 Stepping 0, AuthenticAMD
TMP=C:\Users\sharm\AppData\Local\Temp
TEMP=C:\Users\sharm\AppData\Local\Temp




Periodic native trim disabled

---------------  S Y S T E M  ---------------

OS:
 Windows 11 , 64 bit Build 26100 (10.0.26100.3912)
OS uptime: 0 days 2:58 hours
Hyper-V role detected

CPU: total 12 (initial active 12) (12 cores per cpu, 2 threads per core) family 25 model 80 stepping 0 microcode 0xa50000c, cx8, cmov, fxsr, ht, mmx, 3dnowpref, sse, sse2, sse3, ssse3, sse4a, sse4.1, sse4.2, popcnt, lzcnt, tsc, tscinvbit, avx, avx2, aes, erms, clmul, bmi1, bmi2, adx, sha, fma, vzeroupper, clflush, clflushopt, hv, rdtscp, rdpid, fsrm, f16c, cet_ss
Processor Information for the first 12 processors :
  Max Mhz: 3301, Current Mhz: 3301, Mhz Limit: 3301

Memory: 4k page, system-wide physical 15724M (5081M free)
TotalPageFile size 17772M (AvailPageFile size 144M)
current process WorkingSet (physical memory assigned to process): 13M, peak: 13M
current process commit charge ("private bytes"): 65M, peak: 310M

vm_info: Java HotSpot(TM) 64-Bit Server VM (23.0.2+7-58) for windows-amd64 JRE (23.0.2+7-58), built on 2024-11-29T09:34:55Z with MS VC++ 17.6 (VS2022)

END.
